<?xml version="1.0" encoding="UTF-8"?>
<!-- Generated by org.testng.reporters.JUnitReportReporter -->
<testsuite hostname="DESKTOP-4VVVEVG" failures="0" tests="1" name="framework.Demo.demo" time="14.218" errors="0" timestamp="2022-09-23T12:45:41 GMT-07:00" skipped="0">
  <testcase classname="framework.Demo.demo" name="first" time="14.218"/>
  <system-out/>
</testsuite> <!-- framework.Demo.demo -->
