<?xml version="1.0" encoding="UTF-8"?>
<!-- Generated by org.testng.reporters.JUnitReportReporter -->
<testsuite hostname="DESKTOP-4VVVEVG" failures="0" tests="1" name="framework.Demo.Script4" time="21.525" errors="0" timestamp="2022-09-24T10:56:49 GMT-07:00" skipped="0">
  <testcase classname="framework.Demo.Script4" name="addEmployeeDetails" time="21.525"/>
  <system-out/>
</testsuite> <!-- framework.Demo.Script4 -->
