<?xml version="1.0" encoding="UTF-8"?>
<!-- Generated by org.testng.reporters.JUnitReportReporter -->
<testsuite hostname="DESKTOP-4VVVEVG" failures="0" tests="1" name="framework.Demo.Script3" time="13.279" errors="0" timestamp="2022-09-24T05:29:05 GMT-07:00" skipped="0">
  <testcase classname="framework.Demo.Script3" name="iFrames" time="13.279"/>
  <system-out/>
</testsuite> <!-- framework.Demo.Script3 -->
