<?xml version="1.0" encoding="UTF-8"?>
<!-- Generated by org.testng.reporters.JUnitReportReporter -->
<testsuite hostname="DESKTOP-4VVVEVG" failures="0" tests="1" name="framework.Demo.Script1" time="34.731" errors="0" timestamp="2022-09-24T15:58:00 GMT-07:00" skipped="0">
  <testcase classname="framework.Demo.Script1" name="Form" time="34.731"/>
  <system-out>
    <![CDATA[<b>Step 1: Launched URL</b> <br />
<b>Step 2: Select Image from system</b> <br />
<b>Step 3: Image uploaded successfully</b> <br />
<b>Step 4: Added Name</b> <br />
<b>Step 5: Added Email</b> <br />
<b>Step 6: Added Website</b> <br />
<b>Step 7: Added Experience</b> <br />
<b>Step 8: Added Expertise</b> <br />
<b>Step 9: Added Education</b> <br />
<b>Step 10: Added Comment</b> <br />
<b>Step 11: Clicked on submit</b> <br />
<b>Step 12: Verified all the submitted details</b> <br />
<b>*Data extracted from excel file*</b> <br />]]>
  </system-out>
</testsuite> <!-- framework.Demo.Script1 -->
