<?xml version="1.0" encoding="UTF-8"?>
<!-- Generated by org.testng.reporters.JUnitReportReporter -->
<testsuite hostname="DESKTOP-4VVVEVG" failures="0" tests="1" name="framework.TakeCode.Admin_Login" time="10.991" errors="0" timestamp="2022-09-25T02:46:53 GMT-07:00" skipped="0">
  <testcase classname="framework.TakeCode.Admin_Login" name="Moderator_login" time="10.991"/>
  <system-out>
    <![CDATA[<b>Step 1: Launched URL</b> <br />
<b>Step 2: Clicked on Login button</b> <br />
<b>Step 3: Set Username and password</b> <br />
<b>Step 4: Verified name after login</b> <br />]]>
  </system-out>
</testsuite> <!-- framework.TakeCode.Admin_Login -->
