<?xml version="1.0" encoding="UTF-8"?>
<!-- Generated by org.testng.reporters.JUnitReportReporter -->
<testsuite hostname="DESKTOP-4VVVEVG" failures="0" tests="1" name="framework.TakeCode.Registration" time="13.558" errors="0" timestamp="2022-09-25T03:53:27 GMT-07:00" skipped="0">
  <testcase classname="framework.TakeCode.Registration" name="registration" time="13.558"/>
  <system-out>
    <![CDATA[<b>Step 1: Launched URL</b> <br />
<b>Step 2: Clicked on SignUp</b> <br />
<b>Step 3: Added Name</b> <br />
<b>Step 4: Added Email</b> <br />
<b>Step 5: Added Password</b> <br />
<b>Step 6: Added Confirm Password</b> <br />
<b>Step 7: Clicked on sign up</b> <br />
<b>Step 8: New user created successfully!</b> <br />]]>
  </system-out>
</testsuite> <!-- framework.TakeCode.Registration -->
