<?xml version="1.0" encoding="UTF-8"?>
<!-- Generated by org.testng.reporters.JUnitReportReporter -->
<testsuite hostname="DESKTOP-4VVVEVG" failures="0" tests="1" name="framework.TakeCode.Ask_Question" time="26.662" errors="0" timestamp="2022-09-25T02:39:03 GMT-07:00" skipped="0">
  <testcase classname="framework.TakeCode.Ask_Question" name="login" time="26.662"/>
  <system-out>
    <![CDATA[<b>Step 1: Launched URL</b> <br />
<b>Step 2: Clicked on Login button</b> <br />
<b>Step 3: Set Username and password</b> <br />]]>
  </system-out>
</testsuite> <!-- framework.TakeCode.Ask_Question -->
