<?xml version="1.0" encoding="UTF-8"?>
<!-- Generated by org.testng.reporters.JUnitReportReporter -->
<testsuite hostname="DESKTOP-4VVVEVG" failures="0" tests="1" name="framework.TakeCode.Login" time="11.100" errors="0" timestamp="2022-09-25T03:52:03 GMT-07:00" skipped="0">
  <testcase classname="framework.TakeCode.Login" name="login" time="11.100"/>
  <system-out>
    <![CDATA[<b>Step 1: Launched URL</b> <br />
<b>Step 2: Clicked on Login button</b> <br />
<b>Step 3: Set Username and password</b> <br />
<b>Step 4: Verified name after login</b> <br />]]>
  </system-out>
</testsuite> <!-- framework.TakeCode.Login -->
