<?xml version="1.0" encoding="UTF-8"?>
<!-- Generated by org.testng.reporters.JUnitReportReporter -->
<testsuite hostname="DESKTOP-4VVVEVG" failures="0" tests="1" name="framework.Demo.Script4" time="19.424" errors="0" timestamp="2022-09-24T15:50:16 GMT-07:00" skipped="0">
  <testcase classname="framework.Demo.Script4" name="AddEmployeeDetails" time="19.424"/>
  <system-out>
    <![CDATA[<b>Step 1: Launched URL</b> <br />
<b>Step 2: Clicked on Add new record</b> <br />
<b>Step 3: Added Name</b> <br />
<b>Step 4: Added Department</b> <br />
<b>Step 5: Added Phone number</b> <br />
<b>Step 6: New record added successfully</b> <br />
<b>Step 7: Identfied existing record and Clicked on edit</b> <br />
<b>Step 8: Name edited</b> <br />
<b>Step 9: Department edited</b> <br />
<b>Step 10: Phone number edited</b> <br />
<b>Step 11: Clicked on update record, record updated!</b> <br />
<b>Step 12: Identified exisitng record and deleted. </b> <br />]]>
  </system-out>
</testsuite> <!-- framework.Demo.Script4 -->
