<?xml version="1.0" encoding="UTF-8"?>
<!-- Generated by org.testng.reporters.JUnitReportReporter -->
<testsuite hostname="DESKTOP-4VVVEVG" failures="0" tests="1" name="framework.Demo.Script2" time="21.897" errors="0" timestamp="2022-09-24T15:50:16 GMT-07:00" skipped="0">
  <testcase classname="framework.Demo.Script2" name="DatePicker" time="21.897"/>
  <system-out>
    <![CDATA[<b>Step 1: Launched URL</b> <br />
<b>Step 2: Today's date is: 24</b> <br />
<b>Step 3: Selected TodayDate + 4 days, as From Date: 09/28/2022</b> <br />
<b>Step 4: Selected FromDate + 5 days, as TO Date: 10/03/2022</b> <br />]]>
  </system-out>
</testsuite> <!-- framework.Demo.Script2 -->
