<?xml version="1.0" encoding="UTF-8"?>
<!-- Generated by org.testng.reporters.JUnitReportReporter -->
<testsuite hostname="DESKTOP-4VVVEVG" failures="0" tests="1" name="framework.Demo.Script3" time="13.393" errors="0" timestamp="2022-09-24T15:50:16 GMT-07:00" skipped="0">
  <testcase classname="framework.Demo.Script3" name="iFrames" time="13.393"/>
  <system-out>
    <![CDATA[<b>Step 1: Launched URL</b> <br />
<b>Step 2: Clicked on iFrame Tab</b> <br />
<b>Step 3: Clicked on Selenium Online Training</b> <br />
<b>Step 4: Verified title: Selenium 3.0 Training</b> <br />]]>
  </system-out>
</testsuite> <!-- framework.Demo.Script3 -->
